0 info it worked if it ends with ok
1 verbose cli [ '/usr/bin/node', '/usr/bin/npm', 'start' ]
2 info using npm@3.5.2
3 info using node@v8.10.0
4 verbose run-script [ 'prestart', 'start', 'poststart' ]
5 info lifecycle webplayer@0.0.1~prestart: webplayer@0.0.1
6 silly lifecycle webplayer@0.0.1~prestart: no script for prestart, continuing
7 info lifecycle webplayer@0.0.1~start: webplayer@0.0.1
8 verbose lifecycle webplayer@0.0.1~start: unsafe-perm in lifecycle true
9 verbose lifecycle webplayer@0.0.1~start: PATH: /usr/share/npm/bin/node-gyp-bin:/mnt/d/Coding/Javacript Projects/webPlayer/node_modules/.bin:/usr/local/sbin:/usr/local/bin:/usr/sbin:/usr/bin:/sbin:/bin:/usr/games:/usr/local/games:/mnt/c/Program Files/NVIDIA GPU Computing Toolkit/CUDA/v10.1/bin:/mnt/c/Program Files/NVIDIA GPU Computing Toolkit/CUDA/v10.1/libnvvp:/mnt/c/Program Files (x86)/Intel/Intel(R) Management Engine Components/iCLS/:/mnt/c/Program Files/Intel/Intel(R) Management Engine Components/iCLS/:/mnt/c/Windows/system32:/mnt/c/Windows:/mnt/c/Windows/System32/Wbem:/mnt/c/Windows/System32/WindowsPowerShell/v1.0/:/mnt/c/Windows/System32/OpenSSH/:/mnt/c/Program Files (x86)/Intel/Intel(R) Management Engine Components/DAL:/mnt/c/Program Files/Intel/Intel(R) Management Engine Components/DAL:/mnt/c/Program Files/NVIDIA Corporation/NVIDIA NvDLISR:/mnt/c/Program Files (x86)/NVIDIA Corporation/PhysX/Common:/mnt/c/Program Files/nodejs/:/mnt/c/Program Files/Git/cmd:/mnt/c/Program Files/Java/jre1.8.0_211/bin:/mnt/c/Program Files (x86)/Java/jre1.8.0_211/bin:/mnt/c/Program Files/dotnet/:/mnt/c/Program Files/Java/jdk-12.0.1/bin:/mnt/c/Program Files (x86)/Common Files/Oracle/Java/javapath:/mnt/c/Program Files (x86)/ZeroTier/One/:/mnt/c/Program Files/PuTTY/:/mnt/c/Program Files/NVIDIA Corporation/Nsight Compute 2019.3.0/:/mnt/c/WINDOWS/system32:/mnt/c/WINDOWS:/mnt/c/WINDOWS/System32/Wbem:/mnt/c/WINDOWS/System32/WindowsPowerShell/v1.0/:/mnt/c/WINDOWS/System32/OpenSSH/:/mnt/c/Program Files/nodejs/node_modules/npm/node_modules/npm-lifecycle/node-gyp-bin:/mnt/c/Users/Gandalf/AppData/Roaming/npm/node_modules/windows-build-tools/node_modules/.bin:/mnt/c/Users/Gandalf/AppData/Roaming/npm/node_modules/.bin:/mnt/c/Users/Gandalf/AppData/Local/Programs/Python/Python37-32/Scripts/:/mnt/c/Users/Gandalf/AppData/Local/Programs/Python/Python37-32/:/mnt/c/Users/Gandalf/AppData/Local/Microsoft/WindowsApps:/mnt/c/Users/Gandalf/.windows-build-tools/python27/:/mnt/c/Users/Gandalf/AppData/Roaming/npm:/mnt/c/Users/Gandalf/AppData/Local/Programs/Microsoft VS Code/bin:/mnt/c/Program Files/apache-maven-3.6.1/bin:/mnt/c/Program Files/PostgreSQL/11/bin:/mnt/c/Users/Gandalf/AppData/Local/Microsoft/WindowsApps:/snap/bin
10 verbose lifecycle webplayer@0.0.1~start: CWD: /mnt/d/Coding/Javacript Projects/webPlayer
11 silly lifecycle webplayer@0.0.1~start: Args: [ '-c', 'node index.js' ]
12 silly lifecycle webplayer@0.0.1~start: Returned: code: 1  signal: null
13 info lifecycle webplayer@0.0.1~start: Failed to exec start script
14 verbose stack Error: webplayer@0.0.1 start: `node index.js`
14 verbose stack Exit status 1
14 verbose stack     at EventEmitter.<anonymous> (/usr/share/npm/lib/utils/lifecycle.js:232:16)
14 verbose stack     at emitTwo (events.js:126:13)
14 verbose stack     at EventEmitter.emit (events.js:214:7)
14 verbose stack     at ChildProcess.<anonymous> (/usr/share/npm/lib/utils/spawn.js:24:14)
14 verbose stack     at emitTwo (events.js:126:13)
14 verbose stack     at ChildProcess.emit (events.js:214:7)
14 verbose stack     at maybeClose (internal/child_process.js:925:16)
14 verbose stack     at Process.ChildProcess._handle.onexit (internal/child_process.js:209:5)
15 verbose pkgid webplayer@0.0.1
16 verbose cwd /mnt/d/Coding/Javacript Projects/webPlayer
17 error Linux 4.4.0-18362-Microsoft
18 error argv "/usr/bin/node" "/usr/bin/npm" "start"
19 error node v8.10.0
20 error npm  v3.5.2
21 error code ELIFECYCLE
22 error webplayer@0.0.1 start: `node index.js`
22 error Exit status 1
23 error Failed at the webplayer@0.0.1 start script 'node index.js'.
23 error Make sure you have the latest version of node.js and npm installed.
23 error If you do, this is most likely a problem with the webplayer package,
23 error not with npm itself.
23 error Tell the author that this fails on your system:
23 error     node index.js
23 error You can get information on how to open an issue for this project with:
23 error     npm bugs webplayer
23 error Or if that isn't available, you can get their info via:
23 error     npm owner ls webplayer
23 error There is likely additional logging output above.
24 verbose exit [ 1, true ]
